Socket successfully created..
connected to the server..
Client got slice 20000000
Socket successfully created..
connected to the server..
Client got slice 40000000
Socket successfully created..
connected to the server..
Client got slice 60000000
Socket successfully created..
connected to the server..
Client got slice 80000000
Socket successfully created..
connected to the server..
Client got slice 100000000
Socket successfully created..
connected to the server..
Client got slice 120000000
Socket successfully created..
connected to the server..
Client got slice 140000000
Socket successfully created..
connected to the server..
Client got slice 160000000
Socket successfully created..
connected to the server..
Client got slice 180000000
Socket successfully created..
connected to the server..
Client got slice 200000000
Socket successfully created..
connected to the server..
Client got slice 220000000
Client found 226073506
Socket successfully created..
connected to the server..
Sent result to server
