Socket successfully created..
Socket successfully bound..
Server listening..
server accept the client...
Server sent slice 10000000
server accept the client...
Server sent slice 20000000
server accept the client...
Server sent slice 30000000
server accept the client...
Server sent slice 40000000
server accept the client...
Server sent slice 50000000
server accept the client...
Server sent slice 60000000
server accept the client...
Server sent slice 70000000
server accept the client...
Server sent slice 80000000
server accept the client...
Server sent slice 90000000
server accept the client...
Server sent slice 100000000
server accept the client...
Server sent slice 110000000
server accept the client...
Server sent slice 120000000
server accept the client...
Server sent slice 130000000
server accept the client...
Server sent slice 140000000
server accept the client...
Server sent slice 150000000
server accept the client...
Server sent slice 160000000
server accept the client...
Server sent slice 170000000
server accept the client...
Server sent slice 180000000
server accept the client...
Server sent slice 190000000
server accept the client...
Server sent slice 200000000
server accept the client...
Server sent slice 210000000
server accept the client...
Server sent slice 220000000
server accept the client...
Server found 226073506
